{
  "name": "master",
  "commit": {
    "sha": "9c2c7a7e88b9df2ed39019e2bb5f32ecf384c100",
    "node_id": "MDY6Q29tbWl0MTY3ODA3MzczOjljMmM3YTdlODhiOWRmMmVkMzkwMTllMmJiNWYzMmVjZjM4NGMxMDA=",
    "commit": {
      "author": {
        "name": "Rupert Broad",
        "email": "rupert.broad@gmail.com",
        "date": "2019-01-27T12:40:35Z"
      },
      "committer": {
        "name": "GitHub",
        "email": "noreply@github.com",
        "date": "2019-01-27T12:40:35Z"
      },
      "message": "Initial commit",
      "tree": {
        "sha": "0cf6d346dc3f1f207f1c323cfed5b8b451cefd30",
        "url": "https://api.github.com/repos/rb-org/tfm-ecr-flaskapi/git/trees/0cf6d346dc3f1f207f1c323cfed5b8b451cefd30"
      },
      "url": "https://api.github.com/repos/rb-org/tfm-ecr-flaskapi/git/commits/9c2c7a7e88b9df2ed39019e2bb5f32ecf384c100",
      "comment_count": 0,
      "verification": {
        "verified": true,
        "reason": "valid",
        "signature": "-----BEGIN PGP SIGNATURE-----\n\nwsBcBAABCAAQBQJcTabDCRBK7hj4Ov3rIwAAdHIIAAH9DN8mKj9c87TlI5v8zBCY\n0bHtqrO8jxuSlPPI6HtpRylQQEA3QAjIh7bMleP35xUyOX3NnLrp3bJZ6mrfEKm1\nPw5TOSf97Pn56sd+aBKBpZSmRNfpm/vBHGezKHwV/IPiKdYk5M6qeDSeUwV1pRwO\nXwsn7LMPpCkaDzuNeQqlfL0Z97b26nabVxHWVApzXb19LtDueJosr6be4qoLCFID\njMHPyWWMfklo0Vxuizmgm+AoUP9D8/eRGc5mj3muL8XJ9JKNxO3p+tqierZZ80zF\ni0sR3+n/Xgicwn9/W+2CV0b+rS/nLCbGDH2QbRmVTSvDn366VHqsmQqxPgLFqUg=\n=mr2J\n-----END PGP SIGNATURE-----\n",
        "payload": "tree 0cf6d346dc3f1f207f1c323cfed5b8b451cefd30\nauthor Rupert Broad <rupert.broad@gmail.com> 1548592835 +0100\ncommitter GitHub <noreply@github.com> 1548592835 +0100\n\nInitial commit"
      }
    },
    "url": "https://api.github.com/repos/rb-org/tfm-ecr-flaskapi/commits/9c2c7a7e88b9df2ed39019e2bb5f32ecf384c100",
    "html_url": "https://github.com/rb-org/tfm-ecr-flaskapi/commit/9c2c7a7e88b9df2ed39019e2bb5f32ecf384c100",
    "comments_url": "https://api.github.com/repos/rb-org/tfm-ecr-flaskapi/commits/9c2c7a7e88b9df2ed39019e2bb5f32ecf384c100/comments",
    "author": {
      "login": "ruebroad",
      "id": 15112156,
      "node_id": "MDQ6VXNlcjE1MTEyMTU2",
      "avatar_url": "https://avatars2.githubusercontent.com/u/15112156?v=4",
      "gravatar_id": "",
      "url": "https://api.github.com/users/ruebroad",
      "html_url": "https://github.com/ruebroad",
      "followers_url": "https://api.github.com/users/ruebroad/followers",
      "following_url": "https://api.github.com/users/ruebroad/following{/other_user}",
      "gists_url": "https://api.github.com/users/ruebroad/gists{/gist_id}",
      "starred_url": "https://api.github.com/users/ruebroad/starred{/owner}{/repo}",
      "subscriptions_url": "https://api.github.com/users/ruebroad/subscriptions",
      "organizations_url": "https://api.github.com/users/ruebroad/orgs",
      "repos_url": "https://api.github.com/users/ruebroad/repos",
      "events_url": "https://api.github.com/users/ruebroad/events{/privacy}",
      "received_events_url": "https://api.github.com/users/ruebroad/received_events",
      "type": "User",
      "site_admin": false
    },
    "committer": {
      "login": "web-flow",
      "id": 19864447,
      "node_id": "MDQ6VXNlcjE5ODY0NDQ3",
      "avatar_url": "https://avatars3.githubusercontent.com/u/19864447?v=4",
      "gravatar_id": "",
      "url": "https://api.github.com/users/web-flow",
      "html_url": "https://github.com/web-flow",
      "followers_url": "https://api.github.com/users/web-flow/followers",
      "following_url": "https://api.github.com/users/web-flow/following{/other_user}",
      "gists_url": "https://api.github.com/users/web-flow/gists{/gist_id}",
      "starred_url": "https://api.github.com/users/web-flow/starred{/owner}{/repo}",
      "subscriptions_url": "https://api.github.com/users/web-flow/subscriptions",
      "organizations_url": "https://api.github.com/users/web-flow/orgs",
      "repos_url": "https://api.github.com/users/web-flow/repos",
      "events_url": "https://api.github.com/users/web-flow/events{/privacy}",
      "received_events_url": "https://api.github.com/users/web-flow/received_events",
      "type": "User",
      "site_admin": false
    },
    "parents": [

    ]
  },
  "_links": {
    "self": "https://api.github.com/repos/rb-org/tfm-ecr-flaskapi/branches/master",
    "html": "https://github.com/rb-org/tfm-ecr-flaskapi/tree/master"
  },
  "protected": false,
  "protection": {
    "enabled": false,
    "required_status_checks": {
      "enforcement_level": "off",
      "contexts": [

      ]
    }
  },
  "protection_url": "https://api.github.com/repos/rb-org/tfm-ecr-flaskapi/branches/master/protection"
}
